Analysis & Synthesis report for ProjFinal
Tue May 30 23:57:11 2023
Quartus Prime Version 20.1.0 Build 711 06/05/2020 SJ Lite Edition


---------------------
; Table of Contents ;
---------------------
  1. Legal Notice
  2. Analysis & Synthesis Summary
  3. Analysis & Synthesis Settings
  4. Parallel Compilation
  5. Analysis & Synthesis Source Files Read
  6. Analysis & Synthesis Resource Usage Summary
  7. Analysis & Synthesis Resource Utilization by Entity
  8. State Machine - |Schematic|ControloMaquinaFSM:ControloMaquinaFSM|estado_atual
  9. Registers Removed During Synthesis
 10. Removed Registers Triggering Further Register Optimizations
 11. General Register Statistics
 12. Multiplexer Restructuring Statistics (Restructuring Performed)
 13. Parameter Settings for Inferred Entity Instance: BinToDec:BinToDec|lpm_divide:Mod0
 14. Parameter Settings for Inferred Entity Instance: BinToDec:BinToDec|lpm_divide:Div0
 15. Post-Synthesis Netlist Statistics for Top Partition
 16. Elapsed Time Per Partition
 17. Analysis & Synthesis Messages



----------------
; Legal Notice ;
----------------
Copyright (C) 2020  Intel Corporation. All rights reserved.
Your use of Intel Corporation's design tools, logic functions 
and other software and tools, and any partner logic 
functions, and any output files from any of the foregoing 
(including device programming or simulation files), and any 
associated documentation or information are expressly subject 
to the terms and conditions of the Intel Program License 
Subscription Agreement, the Intel Quartus Prime License Agreement,
the Intel FPGA IP License Agreement, or other applicable license
agreement, including, without limitation, that your use is for
the sole purpose of programming logic devices manufactured by
Intel and sold by Intel or its authorized distributors.  Please
refer to the applicable agreement for further details, at
https://fpgasoftware.intel.com/eula.



+----------------------------------------------------------------------------------+
; Analysis & Synthesis Summary                                                     ;
+------------------------------------+---------------------------------------------+
; Analysis & Synthesis Status        ; Successful - Tue May 30 23:57:11 2023       ;
; Quartus Prime Version              ; 20.1.0 Build 711 06/05/2020 SJ Lite Edition ;
; Revision Name                      ; ProjFinal                                   ;
; Top-level Entity Name              ; Schematic                                   ;
; Family                             ; Cyclone IV E                                ;
; Total logic elements               ; 0                                           ;
;     Total combinational functions  ; 0                                           ;
;     Dedicated logic registers      ; 0                                           ;
; Total registers                    ; 0                                           ;
; Total pins                         ; 30                                          ;
; Total virtual pins                 ; 0                                           ;
; Total memory bits                  ; 0                                           ;
; Embedded Multiplier 9-bit elements ; 0                                           ;
; Total PLLs                         ; 0                                           ;
+------------------------------------+---------------------------------------------+


+------------------------------------------------------------------------------------------------------------+
; Analysis & Synthesis Settings                                                                              ;
+------------------------------------------------------------------+--------------------+--------------------+
; Option                                                           ; Setting            ; Default Value      ;
+------------------------------------------------------------------+--------------------+--------------------+
; Device                                                           ; EP4CE115F29C7      ;                    ;
; Top-level entity name                                            ; Schematic          ; ProjFinal          ;
; Family name                                                      ; Cyclone IV E       ; Cyclone V          ;
; Use smart compilation                                            ; Off                ; Off                ;
; Enable parallel Assembler and Timing Analyzer during compilation ; On                 ; On                 ;
; Enable compact report table                                      ; Off                ; Off                ;
; Restructure Multiplexers                                         ; Auto               ; Auto               ;
; Create Debugging Nodes for IP Cores                              ; Off                ; Off                ;
; Preserve fewer node names                                        ; On                 ; On                 ;
; Intel FPGA IP Evaluation Mode                                    ; Enable             ; Enable             ;
; Verilog Version                                                  ; Verilog_2001       ; Verilog_2001       ;
; VHDL Version                                                     ; VHDL_1993          ; VHDL_1993          ;
; State Machine Processing                                         ; Auto               ; Auto               ;
; Safe State Machine                                               ; Off                ; Off                ;
; Extract Verilog State Machines                                   ; On                 ; On                 ;
; Extract VHDL State Machines                                      ; On                 ; On                 ;
; Ignore Verilog initial constructs                                ; Off                ; Off                ;
; Iteration limit for constant Verilog loops                       ; 5000               ; 5000               ;
; Iteration limit for non-constant Verilog loops                   ; 250                ; 250                ;
; Add Pass-Through Logic to Inferred RAMs                          ; On                 ; On                 ;
; Infer RAMs from Raw Logic                                        ; On                 ; On                 ;
; Parallel Synthesis                                               ; On                 ; On                 ;
; DSP Block Balancing                                              ; Auto               ; Auto               ;
; NOT Gate Push-Back                                               ; On                 ; On                 ;
; Power-Up Don't Care                                              ; On                 ; On                 ;
; Remove Redundant Logic Cells                                     ; Off                ; Off                ;
; Remove Duplicate Registers                                       ; On                 ; On                 ;
; Ignore CARRY Buffers                                             ; Off                ; Off                ;
; Ignore CASCADE Buffers                                           ; Off                ; Off                ;
; Ignore GLOBAL Buffers                                            ; Off                ; Off                ;
; Ignore ROW GLOBAL Buffers                                        ; Off                ; Off                ;
; Ignore LCELL Buffers                                             ; Off                ; Off                ;
; Ignore SOFT Buffers                                              ; On                 ; On                 ;
; Limit AHDL Integers to 32 Bits                                   ; Off                ; Off                ;
; Optimization Technique                                           ; Balanced           ; Balanced           ;
; Carry Chain Length                                               ; 70                 ; 70                 ;
; Auto Carry Chains                                                ; On                 ; On                 ;
; Auto Open-Drain Pins                                             ; On                 ; On                 ;
; Perform WYSIWYG Primitive Resynthesis                            ; Off                ; Off                ;
; Auto ROM Replacement                                             ; On                 ; On                 ;
; Auto RAM Replacement                                             ; On                 ; On                 ;
; Auto DSP Block Replacement                                       ; On                 ; On                 ;
; Auto Shift Register Replacement                                  ; Auto               ; Auto               ;
; Allow Shift Register Merging across Hierarchies                  ; Auto               ; Auto               ;
; Auto Clock Enable Replacement                                    ; On                 ; On                 ;
; Strict RAM Replacement                                           ; Off                ; Off                ;
; Allow Synchronous Control Signals                                ; On                 ; On                 ;
; Force Use of Synchronous Clear Signals                           ; Off                ; Off                ;
; Auto RAM Block Balancing                                         ; On                 ; On                 ;
; Auto RAM to Logic Cell Conversion                                ; Off                ; Off                ;
; Auto Resource Sharing                                            ; Off                ; Off                ;
; Allow Any RAM Size For Recognition                               ; Off                ; Off                ;
; Allow Any ROM Size For Recognition                               ; Off                ; Off                ;
; Allow Any Shift Register Size For Recognition                    ; Off                ; Off                ;
; Use LogicLock Constraints during Resource Balancing              ; On                 ; On                 ;
; Ignore translate_off and synthesis_off directives                ; Off                ; Off                ;
; Timing-Driven Synthesis                                          ; On                 ; On                 ;
; Report Parameter Settings                                        ; On                 ; On                 ;
; Report Source Assignments                                        ; On                 ; On                 ;
; Report Connectivity Checks                                       ; On                 ; On                 ;
; Ignore Maximum Fan-Out Assignments                               ; Off                ; Off                ;
; Synchronization Register Chain Length                            ; 2                  ; 2                  ;
; Power Optimization During Synthesis                              ; Normal compilation ; Normal compilation ;
; HDL message level                                                ; Level2             ; Level2             ;
; Suppress Register Optimization Related Messages                  ; Off                ; Off                ;
; Number of Removed Registers Reported in Synthesis Report         ; 5000               ; 5000               ;
; Number of Swept Nodes Reported in Synthesis Report               ; 5000               ; 5000               ;
; Number of Inverted Registers Reported in Synthesis Report        ; 100                ; 100                ;
; Clock MUX Protection                                             ; On                 ; On                 ;
; Auto Gated Clock Conversion                                      ; Off                ; Off                ;
; Block Design Naming                                              ; Auto               ; Auto               ;
; SDC constraint protection                                        ; Off                ; Off                ;
; Synthesis Effort                                                 ; Auto               ; Auto               ;
; Shift Register Replacement - Allow Asynchronous Clear Signal     ; On                 ; On                 ;
; Pre-Mapping Resynthesis Optimization                             ; Off                ; Off                ;
; Analysis & Synthesis Message Level                               ; Medium             ; Medium             ;
; Disable Register Merging Across Hierarchies                      ; Auto               ; Auto               ;
; Resource Aware Inference For Block RAM                           ; On                 ; On                 ;
+------------------------------------------------------------------+--------------------+--------------------+


+------------------------------------------+
; Parallel Compilation                     ;
+----------------------------+-------------+
; Processors                 ; Number      ;
+----------------------------+-------------+
; Number detected on machine ; 8           ;
; Maximum allowed            ; 4           ;
;                            ;             ;
; Average used               ; 1.00        ;
; Maximum used               ; 1           ;
;                            ;             ;
; Usage by Processor         ; % Time Used ;
;     Processor 1            ; 100.0%      ;
+----------------------------+-------------+


+---------------------------------------------------------------------------------------------------------------------------------------------------------------------------------+
; Analysis & Synthesis Source Files Read                                                                                                                                          ;
+----------------------------------+-----------------+------------------------------------+-----------------------------------------------------------------------------+---------+
; File Name with User-Entered Path ; Used in Netlist ; File Type                          ; File Name with Absolute Path                                                ; Library ;
+----------------------------------+-----------------+------------------------------------+-----------------------------------------------------------------------------+---------+
; PulseGen.vhd                     ; yes             ; User VHDL File                     ; C:/Users/Joaoa/CT/1_ano/2_semestre/LSD/ProjFinal/PulseGen.vhd               ;         ;
; TimerTSM.vhd                     ; yes             ; User VHDL File                     ; C:/Users/Joaoa/CT/1_ano/2_semestre/LSD/ProjFinal/TimerTSM.vhd               ;         ;
; ControloMaquinaFSM.vhd           ; yes             ; User VHDL File                     ; C:/Users/Joaoa/CT/1_ano/2_semestre/LSD/ProjFinal/ControloMaquinaFSM.vhd     ;         ;
; Registro.vhd                     ; yes             ; User VHDL File                     ; C:/Users/Joaoa/CT/1_ano/2_semestre/LSD/ProjFinal/Registro.vhd               ;         ;
; Schematic.bdf                    ; yes             ; User Block Diagram/Schematic File  ; C:/Users/Joaoa/CT/1_ano/2_semestre/LSD/ProjFinal/Schematic.bdf              ;         ;
; BinToDec.vhd                     ; yes             ; User VHDL File                     ; C:/Users/Joaoa/CT/1_ano/2_semestre/LSD/ProjFinal/BinToDec.vhd               ;         ;
; output_files/BinTo7Seg.vhd       ; yes             ; User VHDL File                     ; C:/Users/Joaoa/CT/1_ano/2_semestre/LSD/ProjFinal/output_files/BinTo7Seg.vhd ;         ;
; lpm_divide.tdf                   ; yes             ; Megafunction                       ; c:/intelfpga_lite/20.1/quartus/libraries/megafunctions/lpm_divide.tdf       ;         ;
; abs_divider.inc                  ; yes             ; Megafunction                       ; c:/intelfpga_lite/20.1/quartus/libraries/megafunctions/abs_divider.inc      ;         ;
; sign_div_unsign.inc              ; yes             ; Megafunction                       ; c:/intelfpga_lite/20.1/quartus/libraries/megafunctions/sign_div_unsign.inc  ;         ;
; aglobal201.inc                   ; yes             ; Megafunction                       ; c:/intelfpga_lite/20.1/quartus/libraries/megafunctions/aglobal201.inc       ;         ;
; db/lpm_divide_o9m.tdf            ; yes             ; Auto-Generated Megafunction        ; C:/Users/Joaoa/CT/1_ano/2_semestre/LSD/ProjFinal/db/lpm_divide_o9m.tdf      ;         ;
; db/sign_div_unsign_dkh.tdf       ; yes             ; Auto-Generated Megafunction        ; C:/Users/Joaoa/CT/1_ano/2_semestre/LSD/ProjFinal/db/sign_div_unsign_dkh.tdf ;         ;
; db/alt_u_div_e4f.tdf             ; yes             ; Auto-Generated Megafunction        ; C:/Users/Joaoa/CT/1_ano/2_semestre/LSD/ProjFinal/db/alt_u_div_e4f.tdf       ;         ;
; db/add_sub_7pc.tdf               ; yes             ; Auto-Generated Megafunction        ; C:/Users/Joaoa/CT/1_ano/2_semestre/LSD/ProjFinal/db/add_sub_7pc.tdf         ;         ;
; db/add_sub_8pc.tdf               ; yes             ; Auto-Generated Megafunction        ; C:/Users/Joaoa/CT/1_ano/2_semestre/LSD/ProjFinal/db/add_sub_8pc.tdf         ;         ;
; db/lpm_divide_ihm.tdf            ; yes             ; Auto-Generated Megafunction        ; C:/Users/Joaoa/CT/1_ano/2_semestre/LSD/ProjFinal/db/lpm_divide_ihm.tdf      ;         ;
; db/sign_div_unsign_akh.tdf       ; yes             ; Auto-Generated Megafunction        ; C:/Users/Joaoa/CT/1_ano/2_semestre/LSD/ProjFinal/db/sign_div_unsign_akh.tdf ;         ;
; db/alt_u_div_84f.tdf             ; yes             ; Auto-Generated Megafunction        ; C:/Users/Joaoa/CT/1_ano/2_semestre/LSD/ProjFinal/db/alt_u_div_84f.tdf       ;         ;
+----------------------------------+-----------------+------------------------------------+-----------------------------------------------------------------------------+---------+


+--------------------------------------------------------------+
; Analysis & Synthesis Resource Usage Summary                  ;
+---------------------------------------------+----------------+
; Resource                                    ; Usage          ;
+---------------------------------------------+----------------+
;                                             ;                ;
; Total combinational functions               ; 0              ;
; Logic element usage by number of LUT inputs ;                ;
;     -- 4 input functions                    ; 0              ;
;     -- 3 input functions                    ; 0              ;
;     -- <=2 input functions                  ; 0              ;
;                                             ;                ;
; Logic elements by mode                      ;                ;
;     -- normal mode                          ; 0              ;
;     -- arithmetic mode                      ; 0              ;
;                                             ;                ;
; Total registers                             ; 0              ;
;     -- Dedicated logic registers            ; 0              ;
;     -- I/O registers                        ; 0              ;
;                                             ;                ;
; I/O pins                                    ; 30             ;
;                                             ;                ;
; Embedded Multiplier 9-bit elements          ; 0              ;
;                                             ;                ;
; Maximum fan-out node                        ; HEX0[6]~output ;
; Maximum fan-out                             ; 1              ;
; Total fan-out                               ; 30             ;
; Average fan-out                             ; 0.50           ;
+---------------------------------------------+----------------+


+----------------------------------------------------------------------------------------------------------------------------------------------------------------------------------------------------------+
; Analysis & Synthesis Resource Utilization by Entity                                                                                                                                                      ;
+----------------------------+---------------------+---------------------------+-------------+--------------+---------+-----------+------+--------------+---------------------+-------------+--------------+
; Compilation Hierarchy Node ; Combinational ALUTs ; Dedicated Logic Registers ; Memory Bits ; DSP Elements ; DSP 9x9 ; DSP 18x18 ; Pins ; Virtual Pins ; Full Hierarchy Name ; Entity Name ; Library Name ;
+----------------------------+---------------------+---------------------------+-------------+--------------+---------+-----------+------+--------------+---------------------+-------------+--------------+
; |Schematic                 ; 0 (0)               ; 0 (0)                     ; 0           ; 0            ; 0       ; 0         ; 30   ; 0            ; |Schematic          ; Schematic   ; work         ;
+----------------------------+---------------------+---------------------------+-------------+--------------+---------+-----------+------+--------------+---------------------+-------------+--------------+
Note: For table entries with two numbers listed, the numbers in parentheses indicate the number of resources of the given type used by the specific entity alone. The numbers listed outside of parentheses indicate the total resources of the given type used by the specific entity and all of its sub-entities in the hierarchy.


Encoding Type:  One-Hot
+----------------------------------------------------------------------------------------------------------------------------------------------------------+
; State Machine - |Schematic|ControloMaquinaFSM:ControloMaquinaFSM|estado_atual                                                                            ;
+----------------------+-------------------+----------------------+--------------------+----------------------+----------------------+---------------------+
; Name                 ; estado_atual.stop ; estado_atual.repouso ; estado_atual.cozer ; estado_atual.levedar ; estado_atual.amassar ; estado_atual.inicio ;
+----------------------+-------------------+----------------------+--------------------+----------------------+----------------------+---------------------+
; estado_atual.inicio  ; 0                 ; 0                    ; 0                  ; 0                    ; 0                    ; 0                   ;
; estado_atual.amassar ; 0                 ; 0                    ; 0                  ; 0                    ; 1                    ; 1                   ;
; estado_atual.levedar ; 0                 ; 0                    ; 0                  ; 1                    ; 0                    ; 1                   ;
; estado_atual.cozer   ; 0                 ; 0                    ; 1                  ; 0                    ; 0                    ; 1                   ;
; estado_atual.repouso ; 0                 ; 1                    ; 0                  ; 0                    ; 0                    ; 1                   ;
; estado_atual.stop    ; 1                 ; 0                    ; 0                  ; 0                    ; 0                    ; 1                   ;
+----------------------+-------------------+----------------------+--------------------+----------------------+----------------------+---------------------+


+---------------------------------------------------------------------------------+
; Registers Removed During Synthesis                                              ;
+------------------------------------------------------------+--------------------+
; Register name                                              ; Reason for Removal ;
+------------------------------------------------------------+--------------------+
; Registro:Registro|start_stop_reg                           ; Lost fanout        ;
; TimerTSM:TimerTSM|s_cntOne                                 ; Lost fanout        ;
; TimerTSM:TimerTSM|s_counter[0..7]                          ; Lost fanout        ;
; PulseGen:PulseGen|pulse_out                                ; Lost fanout        ;
; PulseGen:PulseGen|count[0..25]                             ; Lost fanout        ;
; ControloMaquinaFSM:ControloMaquinaFSM|estado_atual.inicio  ; Lost fanout        ;
; ControloMaquinaFSM:ControloMaquinaFSM|estado_atual.amassar ; Lost fanout        ;
; ControloMaquinaFSM:ControloMaquinaFSM|estado_atual.levedar ; Lost fanout        ;
; ControloMaquinaFSM:ControloMaquinaFSM|estado_atual.cozer   ; Lost fanout        ;
; ControloMaquinaFSM:ControloMaquinaFSM|estado_atual.repouso ; Lost fanout        ;
; ControloMaquinaFSM:ControloMaquinaFSM|estado_atual.stop    ; Lost fanout        ;
; Total Number of Removed Registers = 43                     ;                    ;
+------------------------------------------------------------+--------------------+


+------------------------------------------------------------------------------------------------------------------------------------------+
; Removed Registers Triggering Further Register Optimizations                                                                              ;
+-----------------------------+--------------------+---------------------------------------------------------------------------------------+
; Register name               ; Reason for Removal ; Registers Removed due to This Register                                                ;
+-----------------------------+--------------------+---------------------------------------------------------------------------------------+
; TimerTSM:TimerTSM|s_cntOne  ; Lost Fanouts       ; TimerTSM:TimerTSM|s_counter[0], TimerTSM:TimerTSM|s_counter[1],                       ;
;                             ;                    ; TimerTSM:TimerTSM|s_counter[2], TimerTSM:TimerTSM|s_counter[3],                       ;
;                             ;                    ; TimerTSM:TimerTSM|s_counter[4], TimerTSM:TimerTSM|s_counter[5],                       ;
;                             ;                    ; TimerTSM:TimerTSM|s_counter[6], PulseGen:PulseGen|pulse_out,                          ;
;                             ;                    ; PulseGen:PulseGen|count[17], PulseGen:PulseGen|count[16],                             ;
;                             ;                    ; PulseGen:PulseGen|count[15], PulseGen:PulseGen|count[14],                             ;
;                             ;                    ; PulseGen:PulseGen|count[13], PulseGen:PulseGen|count[12],                             ;
;                             ;                    ; PulseGen:PulseGen|count[11], PulseGen:PulseGen|count[10], PulseGen:PulseGen|count[9], ;
;                             ;                    ; PulseGen:PulseGen|count[8], PulseGen:PulseGen|count[7], PulseGen:PulseGen|count[6],   ;
;                             ;                    ; PulseGen:PulseGen|count[5], PulseGen:PulseGen|count[4], PulseGen:PulseGen|count[3],   ;
;                             ;                    ; PulseGen:PulseGen|count[2], PulseGen:PulseGen|count[1]                                ;
; PulseGen:PulseGen|count[19] ; Lost Fanouts       ; PulseGen:PulseGen|count[20], PulseGen:PulseGen|count[21],                             ;
;                             ;                    ; PulseGen:PulseGen|count[22], PulseGen:PulseGen|count[23],                             ;
;                             ;                    ; PulseGen:PulseGen|count[24], PulseGen:PulseGen|count[25]                              ;
+-----------------------------+--------------------+---------------------------------------------------------------------------------------+


+------------------------------------------------------+
; General Register Statistics                          ;
+----------------------------------------------+-------+
; Statistic                                    ; Value ;
+----------------------------------------------+-------+
; Total registers                              ; 0     ;
; Number of registers using Synchronous Clear  ; 0     ;
; Number of registers using Synchronous Load   ; 0     ;
; Number of registers using Asynchronous Clear ; 0     ;
; Number of registers using Asynchronous Load  ; 0     ;
; Number of registers using Clock Enable       ; 0     ;
; Number of registers using Preset             ; 0     ;
+----------------------------------------------+-------+


+--------------------------------------------------------------------------------------------------------------------------------------------------------------------------+
; Multiplexer Restructuring Statistics (Restructuring Performed)                                                                                                           ;
+--------------------+-----------+---------------+----------------------+------------------------+------------+------------------------------------------------------------+
; Multiplexer Inputs ; Bus Width ; Baseline Area ; Area if Restructured ; Saving if Restructured ; Registered ; Example Multiplexer Output                                 ;
+--------------------+-----------+---------------+----------------------+------------------------+------------+------------------------------------------------------------+
; 4:1                ; 8 bits    ; 16 LEs        ; 8 LEs                ; 8 LEs                  ; Yes        ; |Schematic|TimerTSM:TimerTSM|s_counter[7]                  ;
; 7:1                ; 2 bits    ; 8 LEs         ; 4 LEs                ; 4 LEs                  ; No         ; |Schematic|ControloMaquinaFSM:ControloMaquinaFSM|Selector1 ;
+--------------------+-----------+---------------+----------------------+------------------------+------------+------------------------------------------------------------+


+------------------------------------------------------------------------------------+
; Parameter Settings for Inferred Entity Instance: BinToDec:BinToDec|lpm_divide:Mod0 ;
+------------------------+----------------+------------------------------------------+
; Parameter Name         ; Value          ; Type                                     ;
+------------------------+----------------+------------------------------------------+
; LPM_WIDTHN             ; 7              ; Untyped                                  ;
; LPM_WIDTHD             ; 7              ; Untyped                                  ;
; LPM_NREPRESENTATION    ; UNSIGNED       ; Untyped                                  ;
; LPM_DREPRESENTATION    ; UNSIGNED       ; Untyped                                  ;
; LPM_PIPELINE           ; 0              ; Untyped                                  ;
; LPM_REMAINDERPOSITIVE  ; TRUE           ; Untyped                                  ;
; MAXIMIZE_SPEED         ; 5              ; Untyped                                  ;
; CBXI_PARAMETER         ; lpm_divide_o9m ; Untyped                                  ;
; CARRY_CHAIN            ; MANUAL         ; Untyped                                  ;
; OPTIMIZE_FOR_SPEED     ; 5              ; Untyped                                  ;
; AUTO_CARRY_CHAINS      ; ON             ; AUTO_CARRY                               ;
; IGNORE_CARRY_BUFFERS   ; OFF            ; IGNORE_CARRY                             ;
; AUTO_CASCADE_CHAINS    ; ON             ; AUTO_CASCADE                             ;
; IGNORE_CASCADE_BUFFERS ; OFF            ; IGNORE_CASCADE                           ;
+------------------------+----------------+------------------------------------------+
Note: In order to hide this table in the UI and the text report file, please set the "Show Parameter Settings in Synthesis Report" option in "Analysis and Synthesis Settings -> More Settings" to "Off".


+------------------------------------------------------------------------------------+
; Parameter Settings for Inferred Entity Instance: BinToDec:BinToDec|lpm_divide:Div0 ;
+------------------------+----------------+------------------------------------------+
; Parameter Name         ; Value          ; Type                                     ;
+------------------------+----------------+------------------------------------------+
; LPM_WIDTHN             ; 7              ; Untyped                                  ;
; LPM_WIDTHD             ; 4              ; Untyped                                  ;
; LPM_NREPRESENTATION    ; UNSIGNED       ; Untyped                                  ;
; LPM_DREPRESENTATION    ; UNSIGNED       ; Untyped                                  ;
; LPM_PIPELINE           ; 0              ; Untyped                                  ;
; LPM_REMAINDERPOSITIVE  ; TRUE           ; Untyped                                  ;
; MAXIMIZE_SPEED         ; 5              ; Untyped                                  ;
; CBXI_PARAMETER         ; lpm_divide_ihm ; Untyped                                  ;
; CARRY_CHAIN            ; MANUAL         ; Untyped                                  ;
; OPTIMIZE_FOR_SPEED     ; 5              ; Untyped                                  ;
; AUTO_CARRY_CHAINS      ; ON             ; AUTO_CARRY                               ;
; IGNORE_CARRY_BUFFERS   ; OFF            ; IGNORE_CARRY                             ;
; AUTO_CASCADE_CHAINS    ; ON             ; AUTO_CASCADE                             ;
; IGNORE_CASCADE_BUFFERS ; OFF            ; IGNORE_CASCADE                           ;
+------------------------+----------------+------------------------------------------+
Note: In order to hide this table in the UI and the text report file, please set the "Show Parameter Settings in Synthesis Report" option in "Analysis and Synthesis Settings -> More Settings" to "Off".


+-----------------------------------------------------+
; Post-Synthesis Netlist Statistics for Top Partition ;
+-----------------------+-----------------------------+
; Type                  ; Count                       ;
+-----------------------+-----------------------------+
; boundary_port         ; 30                          ;
; cycloneiii_lcell_comb ; 2                           ;
;     normal            ; 2                           ;
;         0 data inputs ; 2                           ;
;                       ;                             ;
; Max LUT depth         ; 0.00                        ;
; Average LUT depth     ; 0.00                        ;
+-----------------------+-----------------------------+


+-------------------------------+
; Elapsed Time Per Partition    ;
+----------------+--------------+
; Partition Name ; Elapsed Time ;
+----------------+--------------+
; Top            ; 00:00:00     ;
+----------------+--------------+


+-------------------------------+
; Analysis & Synthesis Messages ;
+-------------------------------+
Info: *******************************************************************
Info: Running Quartus Prime Analysis & Synthesis
    Info: Version 20.1.0 Build 711 06/05/2020 SJ Lite Edition
    Info: Processing started: Tue May 30 23:56:59 2023
Info: Command: quartus_map --read_settings_files=on --write_settings_files=off ProjFinal -c ProjFinal
Warning (18236): Number of processors has not been specified which may cause overloading on shared machines.  Set the global assignment NUM_PARALLEL_PROCESSORS in your QSF to an appropriate value for best performance.
Info (20030): Parallel compilation is enabled and will use 4 of the 4 processors detected
Info (12021): Found 0 design units, including 0 entities, in source file projfinal.vhd
Info (12021): Found 2 design units, including 1 entities, in source file deccounter.vhd
    Info (12022): Found design unit 1: DecCounter-Behavior File: C:/Users/Joaoa/CT/1_ano/2_semestre/LSD/ProjFinal/DecCounter.vhd Line: 19
    Info (12023): Found entity 1: DecCounter File: C:/Users/Joaoa/CT/1_ano/2_semestre/LSD/ProjFinal/DecCounter.vhd Line: 7
Info (12021): Found 2 design units, including 1 entities, in source file pulsegen.vhd
    Info (12022): Found design unit 1: PulseGen-Behavioral File: C:/Users/Joaoa/CT/1_ano/2_semestre/LSD/ProjFinal/PulseGen.vhd Line: 13
    Info (12023): Found entity 1: PulseGen File: C:/Users/Joaoa/CT/1_ano/2_semestre/LSD/ProjFinal/PulseGen.vhd Line: 6
Info (12021): Found 2 design units, including 1 entities, in source file debouncer.vhd
    Info (12022): Found design unit 1: Debouncer-Behavioral File: C:/Users/Joaoa/CT/1_ano/2_semestre/LSD/ProjFinal/Debouncer.vhd Line: 17
    Info (12023): Found entity 1: Debouncer File: C:/Users/Joaoa/CT/1_ano/2_semestre/LSD/ProjFinal/Debouncer.vhd Line: 7
Info (12021): Found 1 design units, including 1 entities, in source file block2.bdf
    Info (12023): Found entity 1: Block2
Info (12021): Found 2 design units, including 1 entities, in source file timertsm.vhd
    Info (12022): Found design unit 1: TimerTSM-Behavioral File: C:/Users/Joaoa/CT/1_ano/2_semestre/LSD/ProjFinal/TimerTSM.vhd Line: 17
    Info (12023): Found entity 1: TimerTSM File: C:/Users/Joaoa/CT/1_ano/2_semestre/LSD/ProjFinal/TimerTSM.vhd Line: 5
Info (12021): Found 2 design units, including 1 entities, in source file controlomaquinafsm.vhd
    Info (12022): Found design unit 1: ControloMaquinaFSM-Behavioral File: C:/Users/Joaoa/CT/1_ano/2_semestre/LSD/ProjFinal/ControloMaquinaFSM.vhd Line: 21
    Info (12023): Found entity 1: ControloMaquinaFSM File: C:/Users/Joaoa/CT/1_ano/2_semestre/LSD/ProjFinal/ControloMaquinaFSM.vhd Line: 7
Info (12021): Found 2 design units, including 1 entities, in source file registro.vhd
    Info (12022): Found design unit 1: Registro-Behavioral File: C:/Users/Joaoa/CT/1_ano/2_semestre/LSD/ProjFinal/Registro.vhd Line: 23
    Info (12023): Found entity 1: Registro File: C:/Users/Joaoa/CT/1_ano/2_semestre/LSD/ProjFinal/Registro.vhd Line: 8
Info (12021): Found 1 design units, including 1 entities, in source file schematic.bdf
    Info (12023): Found entity 1: Schematic
Info (12021): Found 2 design units, including 1 entities, in source file bintodec7seg.vhd
    Info (12022): Found design unit 1: BinToDec7Seg-Behavioral File: C:/Users/Joaoa/CT/1_ano/2_semestre/LSD/ProjFinal/BinToDec7Seg.vhd Line: 9
    Info (12023): Found entity 1: BinToDec7Seg File: C:/Users/Joaoa/CT/1_ano/2_semestre/LSD/ProjFinal/BinToDec7Seg.vhd Line: 4
Info (12021): Found 2 design units, including 1 entities, in source file bintodec.vhd
    Info (12022): Found design unit 1: BinToDec-Behavioral File: C:/Users/Joaoa/CT/1_ano/2_semestre/LSD/ProjFinal/BinToDec.vhd Line: 14
    Info (12023): Found entity 1: BinToDec File: C:/Users/Joaoa/CT/1_ano/2_semestre/LSD/ProjFinal/BinToDec.vhd Line: 5
Info (12021): Found 2 design units, including 1 entities, in source file output_files/binto7seg.vhd
    Info (12022): Found design unit 1: BinTo7Seg-Behavioral File: C:/Users/Joaoa/CT/1_ano/2_semestre/LSD/ProjFinal/output_files/BinTo7Seg.vhd Line: 12
    Info (12023): Found entity 1: BinTo7Seg File: C:/Users/Joaoa/CT/1_ano/2_semestre/LSD/ProjFinal/output_files/BinTo7Seg.vhd Line: 5
Info (12127): Elaborating entity "Schematic" for the top level hierarchy
Info (12128): Elaborating entity "BinTo7Seg" for hierarchy "BinTo7Seg:BinTo7Seg0"
Info (12128): Elaborating entity "BinToDec" for hierarchy "BinToDec:BinToDec"
Info (12128): Elaborating entity "ControloMaquinaFSM" for hierarchy "ControloMaquinaFSM:ControloMaquinaFSM"
Warning (10541): VHDL Signal Declaration warning at ControloMaquinaFSM.vhd(13): used implicit default value for signal "new_time" because signal was never assigned a value or an explicit default value. Use of implicit default value may introduce unintended design optimizations. File: C:/Users/Joaoa/CT/1_ano/2_semestre/LSD/ProjFinal/ControloMaquinaFSM.vhd Line: 13
Warning (10541): VHDL Signal Declaration warning at ControloMaquinaFSM.vhd(14): used implicit default value for signal "time_enable" because signal was never assigned a value or an explicit default value. Use of implicit default value may introduce unintended design optimizations. File: C:/Users/Joaoa/CT/1_ano/2_semestre/LSD/ProjFinal/ControloMaquinaFSM.vhd Line: 14
Warning (10541): VHDL Signal Declaration warning at ControloMaquinaFSM.vhd(15): used implicit default value for signal "time_value" because signal was never assigned a value or an explicit default value. Use of implicit default value may introduce unintended design optimizations. File: C:/Users/Joaoa/CT/1_ano/2_semestre/LSD/ProjFinal/ControloMaquinaFSM.vhd Line: 15
Warning (10541): VHDL Signal Declaration warning at ControloMaquinaFSM.vhd(16): used implicit default value for signal "display_selec" because signal was never assigned a value or an explicit default value. Use of implicit default value may introduce unintended design optimizations. File: C:/Users/Joaoa/CT/1_ano/2_semestre/LSD/ProjFinal/ControloMaquinaFSM.vhd Line: 16
Warning (10541): VHDL Signal Declaration warning at ControloMaquinaFSM.vhd(17): used implicit default value for signal "LEDR" because signal was never assigned a value or an explicit default value. Use of implicit default value may introduce unintended design optimizations. File: C:/Users/Joaoa/CT/1_ano/2_semestre/LSD/ProjFinal/ControloMaquinaFSM.vhd Line: 17
Warning (10036): Verilog HDL or VHDL warning at ControloMaquinaFSM.vhd(25): object "display_time" assigned a value but never read File: C:/Users/Joaoa/CT/1_ano/2_semestre/LSD/ProjFinal/ControloMaquinaFSM.vhd Line: 25
Warning (10492): VHDL Process Statement warning at ControloMaquinaFSM.vhd(45): signal "total_time" is read inside the Process Statement but isn't in the Process Statement's sensitivity list File: C:/Users/Joaoa/CT/1_ano/2_semestre/LSD/ProjFinal/ControloMaquinaFSM.vhd Line: 45
Warning (10492): VHDL Process Statement warning at ControloMaquinaFSM.vhd(52): signal "counter" is read inside the Process Statement but isn't in the Process Statement's sensitivity list File: C:/Users/Joaoa/CT/1_ano/2_semestre/LSD/ProjFinal/ControloMaquinaFSM.vhd Line: 52
Warning (10492): VHDL Process Statement warning at ControloMaquinaFSM.vhd(61): signal "counter" is read inside the Process Statement but isn't in the Process Statement's sensitivity list File: C:/Users/Joaoa/CT/1_ano/2_semestre/LSD/ProjFinal/ControloMaquinaFSM.vhd Line: 61
Warning (10492): VHDL Process Statement warning at ControloMaquinaFSM.vhd(70): signal "counter" is read inside the Process Statement but isn't in the Process Statement's sensitivity list File: C:/Users/Joaoa/CT/1_ano/2_semestre/LSD/ProjFinal/ControloMaquinaFSM.vhd Line: 70
Warning (10492): VHDL Process Statement warning at ControloMaquinaFSM.vhd(78): signal "time_repouso" is read inside the Process Statement but isn't in the Process Statement's sensitivity list File: C:/Users/Joaoa/CT/1_ano/2_semestre/LSD/ProjFinal/ControloMaquinaFSM.vhd Line: 78
Warning (10492): VHDL Process Statement warning at ControloMaquinaFSM.vhd(79): signal "counter" is read inside the Process Statement but isn't in the Process Statement's sensitivity list File: C:/Users/Joaoa/CT/1_ano/2_semestre/LSD/ProjFinal/ControloMaquinaFSM.vhd Line: 79
Warning (10492): VHDL Process Statement warning at ControloMaquinaFSM.vhd(88): signal "counter" is read inside the Process Statement but isn't in the Process Statement's sensitivity list File: C:/Users/Joaoa/CT/1_ano/2_semestre/LSD/ProjFinal/ControloMaquinaFSM.vhd Line: 88
Warning (10631): VHDL Process Statement warning at ControloMaquinaFSM.vhd(38): inferring latch(es) for signal or variable "total_time", which holds its previous value in one or more paths through the process File: C:/Users/Joaoa/CT/1_ano/2_semestre/LSD/ProjFinal/ControloMaquinaFSM.vhd Line: 38
Warning (10631): VHDL Process Statement warning at ControloMaquinaFSM.vhd(38): inferring latch(es) for signal or variable "counter", which holds its previous value in one or more paths through the process File: C:/Users/Joaoa/CT/1_ano/2_semestre/LSD/ProjFinal/ControloMaquinaFSM.vhd Line: 38
Info (12128): Elaborating entity "Registro" for hierarchy "Registro:Registro"
Info (12128): Elaborating entity "TimerTSM" for hierarchy "TimerTSM:TimerTSM"
Info (12128): Elaborating entity "PulseGen" for hierarchy "PulseGen:PulseGen"
Info (278001): Inferred 2 megafunctions from design logic
    Info (278004): Inferred divider/modulo megafunction ("lpm_divide") from the following logic: "BinToDec:BinToDec|Mod0" File: C:/Users/Joaoa/CT/1_ano/2_semestre/LSD/ProjFinal/BinToDec.vhd Line: 18
    Info (278004): Inferred divider/modulo megafunction ("lpm_divide") from the following logic: "BinToDec:BinToDec|Div0" File: C:/Users/Joaoa/CT/1_ano/2_semestre/LSD/ProjFinal/BinToDec.vhd Line: 19
Info (12130): Elaborated megafunction instantiation "BinToDec:BinToDec|lpm_divide:Mod0" File: C:/Users/Joaoa/CT/1_ano/2_semestre/LSD/ProjFinal/BinToDec.vhd Line: 18
Info (12133): Instantiated megafunction "BinToDec:BinToDec|lpm_divide:Mod0" with the following parameter: File: C:/Users/Joaoa/CT/1_ano/2_semestre/LSD/ProjFinal/BinToDec.vhd Line: 18
    Info (12134): Parameter "LPM_WIDTHN" = "7"
    Info (12134): Parameter "LPM_WIDTHD" = "7"
    Info (12134): Parameter "LPM_NREPRESENTATION" = "UNSIGNED"
    Info (12134): Parameter "LPM_DREPRESENTATION" = "UNSIGNED"
Info (12021): Found 1 design units, including 1 entities, in source file db/lpm_divide_o9m.tdf
    Info (12023): Found entity 1: lpm_divide_o9m File: C:/Users/Joaoa/CT/1_ano/2_semestre/LSD/ProjFinal/db/lpm_divide_o9m.tdf Line: 25
Info (12021): Found 1 design units, including 1 entities, in source file db/sign_div_unsign_dkh.tdf
    Info (12023): Found entity 1: sign_div_unsign_dkh File: C:/Users/Joaoa/CT/1_ano/2_semestre/LSD/ProjFinal/db/sign_div_unsign_dkh.tdf Line: 25
Info (12021): Found 1 design units, including 1 entities, in source file db/alt_u_div_e4f.tdf
    Info (12023): Found entity 1: alt_u_div_e4f File: C:/Users/Joaoa/CT/1_ano/2_semestre/LSD/ProjFinal/db/alt_u_div_e4f.tdf Line: 27
Info (12021): Found 1 design units, including 1 entities, in source file db/add_sub_7pc.tdf
    Info (12023): Found entity 1: add_sub_7pc File: C:/Users/Joaoa/CT/1_ano/2_semestre/LSD/ProjFinal/db/add_sub_7pc.tdf Line: 23
Info (12021): Found 1 design units, including 1 entities, in source file db/add_sub_8pc.tdf
    Info (12023): Found entity 1: add_sub_8pc File: C:/Users/Joaoa/CT/1_ano/2_semestre/LSD/ProjFinal/db/add_sub_8pc.tdf Line: 23
Info (12130): Elaborated megafunction instantiation "BinToDec:BinToDec|lpm_divide:Div0" File: C:/Users/Joaoa/CT/1_ano/2_semestre/LSD/ProjFinal/BinToDec.vhd Line: 19
Info (12133): Instantiated megafunction "BinToDec:BinToDec|lpm_divide:Div0" with the following parameter: File: C:/Users/Joaoa/CT/1_ano/2_semestre/LSD/ProjFinal/BinToDec.vhd Line: 19
    Info (12134): Parameter "LPM_WIDTHN" = "7"
    Info (12134): Parameter "LPM_WIDTHD" = "4"
    Info (12134): Parameter "LPM_NREPRESENTATION" = "UNSIGNED"
    Info (12134): Parameter "LPM_DREPRESENTATION" = "UNSIGNED"
Info (12021): Found 1 design units, including 1 entities, in source file db/lpm_divide_ihm.tdf
    Info (12023): Found entity 1: lpm_divide_ihm File: C:/Users/Joaoa/CT/1_ano/2_semestre/LSD/ProjFinal/db/lpm_divide_ihm.tdf Line: 25
Info (12021): Found 1 design units, including 1 entities, in source file db/sign_div_unsign_akh.tdf
    Info (12023): Found entity 1: sign_div_unsign_akh File: C:/Users/Joaoa/CT/1_ano/2_semestre/LSD/ProjFinal/db/sign_div_unsign_akh.tdf Line: 25
Info (12021): Found 1 design units, including 1 entities, in source file db/alt_u_div_84f.tdf
    Info (12023): Found entity 1: alt_u_div_84f File: C:/Users/Joaoa/CT/1_ano/2_semestre/LSD/ProjFinal/db/alt_u_div_84f.tdf Line: 27
Warning (13024): Output pins are stuck at VCC or GND
    Warning (13410): Pin "HEX0[6]" is stuck at VCC
    Warning (13410): Pin "HEX0[5]" is stuck at GND
    Warning (13410): Pin "HEX0[4]" is stuck at GND
    Warning (13410): Pin "HEX0[3]" is stuck at GND
    Warning (13410): Pin "HEX0[2]" is stuck at GND
    Warning (13410): Pin "HEX0[1]" is stuck at GND
    Warning (13410): Pin "HEX0[0]" is stuck at GND
    Warning (13410): Pin "HEX1[6]" is stuck at VCC
    Warning (13410): Pin "HEX1[5]" is stuck at GND
    Warning (13410): Pin "HEX1[4]" is stuck at GND
    Warning (13410): Pin "HEX1[3]" is stuck at GND
    Warning (13410): Pin "HEX1[2]" is stuck at GND
    Warning (13410): Pin "HEX1[1]" is stuck at GND
    Warning (13410): Pin "HEX1[0]" is stuck at GND
    Warning (13410): Pin "LEDR[0]" is stuck at GND
Info (17049): 43 registers lost all their fanouts during netlist optimizations.
Info (16010): Generating hard_block partition "hard_block:auto_generated_inst"
    Info (16011): Adding 0 node(s), including 0 DDIO, 0 PLL, 0 transceiver and 0 LCELL
Warning (21074): Design contains 15 input pin(s) that do not drive logic
    Warning (15610): No output dependent on input pin "SW[3]"
    Warning (15610): No output dependent on input pin "SW[2]"
    Warning (15610): No output dependent on input pin "SW[1]"
    Warning (15610): No output dependent on input pin "SW[0]"
    Warning (15610): No output dependent on input pin "time_repouso[7]"
    Warning (15610): No output dependent on input pin "time_repouso[6]"
    Warning (15610): No output dependent on input pin "time_repouso[5]"
    Warning (15610): No output dependent on input pin "time_repouso[4]"
    Warning (15610): No output dependent on input pin "time_repouso[3]"
    Warning (15610): No output dependent on input pin "time_repouso[2]"
    Warning (15610): No output dependent on input pin "time_repouso[1]"
    Warning (15610): No output dependent on input pin "time_repouso[0]"
    Warning (15610): No output dependent on input pin "clk"
    Warning (15610): No output dependent on input pin "reset"
    Warning (15610): No output dependent on input pin "KEY[3]"
Info (21057): Implemented 30 device resources after synthesis - the final resource count might be different
    Info (21058): Implemented 15 input pins
    Info (21059): Implemented 15 output pins
Info: Quartus Prime Analysis & Synthesis was successful. 0 errors, 48 warnings
    Info: Peak virtual memory: 4801 megabytes
    Info: Processing ended: Tue May 30 23:57:11 2023
    Info: Elapsed time: 00:00:12
    Info: Total CPU time (on all processors): 00:00:18


